<?xml version="1.0" encoding="UTF-8"?>
<testng-results ignored="0" total="9" passed="9" failed="0" skipped="0">
  <reporter-output>
  </reporter-output>
  <suite started-at="2022-02-17T07:47:40 IST" name="RegressionSuite" finished-at="2022-02-17T07:47:56 IST" duration-ms="16565">
    <groups>
    </groups>
    <test started-at="2022-02-17T07:47:40 IST" name="chrometest" finished-at="2022-02-17T07:47:45 IST" duration-ms="5408">
      <class name="test.ToVerifyHeaderButton">
        <test-method is-config="true" signature="launchBrowser(java.lang.String)[pri:0, instance:test.ToVerifyHeaderButton@27ce24aa]" started-at="2022-02-17T07:47:40 IST" name="launchBrowser" finished-at="2022-02-17T07:47:41 IST" duration-ms="1066" status="PASS">
          <params>
            <param index="0">
              <value>
                <![CDATA[Chrome]]>
              </value>
            </param>
          </params>
          <reporter-output>
          </reporter-output>
        </test-method> <!-- launchBrowser -->
        <test-method is-config="true" signature="createPOMobjects()[pri:0, instance:test.ToVerifyHeaderButton@27ce24aa]" started-at="2022-02-17T07:47:41 IST" name="createPOMobjects" finished-at="2022-02-17T07:47:41 IST" duration-ms="24" status="PASS">
          <reporter-output>
          </reporter-output>
        </test-method> <!-- createPOMobjects -->
        <test-method is-config="true" signature="loginToApplication()[pri:0, instance:test.ToVerifyHeaderButton@27ce24aa]" started-at="2022-02-17T07:47:41 IST" name="loginToApplication" finished-at="2022-02-17T07:47:42 IST" duration-ms="1039" status="PASS">
          <reporter-output>
          </reporter-output>
        </test-method> <!-- loginToApplication -->
        <test-method signature="toverifyTaskButton()[pri:0, instance:test.ToVerifyHeaderButton@27ce24aa]" started-at="2022-02-17T07:47:42 IST" name="toverifyTaskButton" finished-at="2022-02-17T07:47:42 IST" duration-ms="701" status="PASS">
          <reporter-output>
          </reporter-output>
        </test-method> <!-- toverifyTaskButton -->
        <test-method is-config="true" signature="logoutfromActiTime(org.testng.ITestResult)[pri:0, instance:test.ToVerifyHeaderButton@27ce24aa]" started-at="2022-02-17T07:47:42 IST" name="logoutfromActiTime" finished-at="2022-02-17T07:47:42 IST" duration-ms="85" status="PASS">
          <params>
            <param index="0">
              <value>
                <![CDATA[[TestResult name=toverifyTaskButton status=SUCCESS method=ToVerifyHeaderButton.toverifyTaskButton()[pri:0, instance:test.ToVerifyHeaderButton@27ce24aa] output={null}]]]>
              </value>
            </param>
          </params>
          <reporter-output>
          </reporter-output>
        </test-method> <!-- logoutfromActiTime -->
        <test-method is-config="true" signature="loginToApplication()[pri:0, instance:test.ToVerifyHeaderButton@27ce24aa]" started-at="2022-02-17T07:47:42 IST" name="loginToApplication" finished-at="2022-02-17T07:47:43 IST" duration-ms="228" status="PASS">
          <reporter-output>
          </reporter-output>
        </test-method> <!-- loginToApplication -->
        <test-method signature="toverifyReportButton()[pri:1, instance:test.ToVerifyHeaderButton@27ce24aa]" started-at="2022-02-17T07:47:43 IST" name="toverifyReportButton" finished-at="2022-02-17T07:47:43 IST" duration-ms="700" status="PASS">
          <reporter-output>
          </reporter-output>
        </test-method> <!-- toverifyReportButton -->
        <test-method is-config="true" signature="logoutfromActiTime(org.testng.ITestResult)[pri:0, instance:test.ToVerifyHeaderButton@27ce24aa]" started-at="2022-02-17T07:47:43 IST" name="logoutfromActiTime" finished-at="2022-02-17T07:47:44 IST" duration-ms="127" status="PASS">
          <params>
            <param index="0">
              <value>
                <![CDATA[[TestResult name=toverifyReportButton status=SUCCESS method=ToVerifyHeaderButton.toverifyReportButton()[pri:1, instance:test.ToVerifyHeaderButton@27ce24aa] output={null}]]]>
              </value>
            </param>
          </params>
          <reporter-output>
          </reporter-output>
        </test-method> <!-- logoutfromActiTime -->
        <test-method is-config="true" signature="loginToApplication()[pri:0, instance:test.ToVerifyHeaderButton@27ce24aa]" started-at="2022-02-17T07:47:44 IST" name="loginToApplication" finished-at="2022-02-17T07:47:44 IST" duration-ms="372" status="PASS">
          <reporter-output>
          </reporter-output>
        </test-method> <!-- loginToApplication -->
        <test-method signature="toverifyUserButton()[pri:2, instance:test.ToVerifyHeaderButton@27ce24aa]" started-at="2022-02-17T07:47:44 IST" name="toverifyUserButton" finished-at="2022-02-17T07:47:45 IST" duration-ms="733" status="PASS">
          <reporter-output>
          </reporter-output>
        </test-method> <!-- toverifyUserButton -->
        <test-method is-config="true" signature="logoutfromActiTime(org.testng.ITestResult)[pri:0, instance:test.ToVerifyHeaderButton@27ce24aa]" started-at="2022-02-17T07:47:45 IST" name="logoutfromActiTime" finished-at="2022-02-17T07:47:45 IST" duration-ms="117" status="PASS">
          <params>
            <param index="0">
              <value>
                <![CDATA[[TestResult name=toverifyUserButton status=SUCCESS method=ToVerifyHeaderButton.toverifyUserButton()[pri:2, instance:test.ToVerifyHeaderButton@27ce24aa] output={null}]]]>
              </value>
            </param>
          </params>
          <reporter-output>
          </reporter-output>
        </test-method> <!-- logoutfromActiTime -->
        <test-method is-config="true" signature="clearPOMobjects()[pri:0, instance:test.ToVerifyHeaderButton@27ce24aa]" started-at="2022-02-17T07:47:45 IST" name="clearPOMobjects" finished-at="2022-02-17T07:47:45 IST" duration-ms="0" status="PASS">
          <reporter-output>
          </reporter-output>
        </test-method> <!-- clearPOMobjects -->
        <test-method is-config="true" signature="afterTest()[pri:0, instance:test.ToVerifyHeaderButton@27ce24aa]" started-at="2022-02-17T07:47:45 IST" name="afterTest" finished-at="2022-02-17T07:47:45 IST" duration-ms="179" status="PASS">
          <reporter-output>
          </reporter-output>
        </test-method> <!-- afterTest -->
      </class> <!-- test.ToVerifyHeaderButton -->
    </test> <!-- chrometest -->
    <test started-at="2022-02-17T07:47:45 IST" name="edgetest" finished-at="2022-02-17T07:47:49 IST" duration-ms="3955">
      <class name="test.ToVerifyHeaderButton">
        <test-method is-config="true" signature="launchBrowser(java.lang.String)[pri:0, instance:test.ToVerifyHeaderButton@323b36e0]" started-at="2022-02-17T07:47:45 IST" name="launchBrowser" finished-at="2022-02-17T07:47:46 IST" duration-ms="594" status="PASS">
          <params>
            <param index="0">
              <value>
                <![CDATA[Edge]]>
              </value>
            </param>
          </params>
          <reporter-output>
          </reporter-output>
        </test-method> <!-- launchBrowser -->
        <test-method is-config="true" signature="createPOMobjects()[pri:0, instance:test.ToVerifyHeaderButton@323b36e0]" started-at="2022-02-17T07:47:46 IST" name="createPOMobjects" finished-at="2022-02-17T07:47:46 IST" duration-ms="2" status="PASS">
          <reporter-output>
          </reporter-output>
        </test-method> <!-- createPOMobjects -->
        <test-method is-config="true" signature="loginToApplication()[pri:0, instance:test.ToVerifyHeaderButton@323b36e0]" started-at="2022-02-17T07:47:46 IST" name="loginToApplication" finished-at="2022-02-17T07:47:46 IST" duration-ms="412" status="PASS">
          <reporter-output>
          </reporter-output>
        </test-method> <!-- loginToApplication -->
        <test-method signature="toverifyTaskButton()[pri:0, instance:test.ToVerifyHeaderButton@323b36e0]" started-at="2022-02-17T07:47:46 IST" name="toverifyTaskButton" finished-at="2022-02-17T07:47:47 IST" duration-ms="793" status="PASS">
          <reporter-output>
          </reporter-output>
        </test-method> <!-- toverifyTaskButton -->
        <test-method is-config="true" signature="logoutfromActiTime(org.testng.ITestResult)[pri:0, instance:test.ToVerifyHeaderButton@323b36e0]" started-at="2022-02-17T07:47:47 IST" name="logoutfromActiTime" finished-at="2022-02-17T07:47:47 IST" duration-ms="102" status="PASS">
          <params>
            <param index="0">
              <value>
                <![CDATA[[TestResult name=toverifyTaskButton status=SUCCESS method=ToVerifyHeaderButton.toverifyTaskButton()[pri:0, instance:test.ToVerifyHeaderButton@323b36e0] output={null}]]]>
              </value>
            </param>
          </params>
          <reporter-output>
          </reporter-output>
        </test-method> <!-- logoutfromActiTime -->
        <test-method is-config="true" signature="loginToApplication()[pri:0, instance:test.ToVerifyHeaderButton@323b36e0]" started-at="2022-02-17T07:47:47 IST" name="loginToApplication" finished-at="2022-02-17T07:47:47 IST" duration-ms="230" status="PASS">
          <reporter-output>
          </reporter-output>
        </test-method> <!-- loginToApplication -->
        <test-method signature="toverifyReportButton()[pri:1, instance:test.ToVerifyHeaderButton@323b36e0]" started-at="2022-02-17T07:47:47 IST" name="toverifyReportButton" finished-at="2022-02-17T07:47:48 IST" duration-ms="465" status="PASS">
          <reporter-output>
          </reporter-output>
        </test-method> <!-- toverifyReportButton -->
        <test-method is-config="true" signature="logoutfromActiTime(org.testng.ITestResult)[pri:0, instance:test.ToVerifyHeaderButton@323b36e0]" started-at="2022-02-17T07:47:48 IST" name="logoutfromActiTime" finished-at="2022-02-17T07:47:48 IST" duration-ms="103" status="PASS">
          <params>
            <param index="0">
              <value>
                <![CDATA[[TestResult name=toverifyReportButton status=SUCCESS method=ToVerifyHeaderButton.toverifyReportButton()[pri:1, instance:test.ToVerifyHeaderButton@323b36e0] output={null}]]]>
              </value>
            </param>
          </params>
          <reporter-output>
          </reporter-output>
        </test-method> <!-- logoutfromActiTime -->
        <test-method is-config="true" signature="loginToApplication()[pri:0, instance:test.ToVerifyHeaderButton@323b36e0]" started-at="2022-02-17T07:47:48 IST" name="loginToApplication" finished-at="2022-02-17T07:47:48 IST" duration-ms="234" status="PASS">
          <reporter-output>
          </reporter-output>
        </test-method> <!-- loginToApplication -->
        <test-method signature="toverifyUserButton()[pri:2, instance:test.ToVerifyHeaderButton@323b36e0]" started-at="2022-02-17T07:47:48 IST" name="toverifyUserButton" finished-at="2022-02-17T07:47:49 IST" duration-ms="680" status="PASS">
          <reporter-output>
          </reporter-output>
        </test-method> <!-- toverifyUserButton -->
        <test-method is-config="true" signature="logoutfromActiTime(org.testng.ITestResult)[pri:0, instance:test.ToVerifyHeaderButton@323b36e0]" started-at="2022-02-17T07:47:49 IST" name="logoutfromActiTime" finished-at="2022-02-17T07:47:49 IST" duration-ms="95" status="PASS">
          <params>
            <param index="0">
              <value>
                <![CDATA[[TestResult name=toverifyUserButton status=SUCCESS method=ToVerifyHeaderButton.toverifyUserButton()[pri:2, instance:test.ToVerifyHeaderButton@323b36e0] output={null}]]]>
              </value>
            </param>
          </params>
          <reporter-output>
          </reporter-output>
        </test-method> <!-- logoutfromActiTime -->
        <test-method is-config="true" signature="clearPOMobjects()[pri:0, instance:test.ToVerifyHeaderButton@323b36e0]" started-at="2022-02-17T07:47:49 IST" name="clearPOMobjects" finished-at="2022-02-17T07:47:49 IST" duration-ms="0" status="PASS">
          <reporter-output>
          </reporter-output>
        </test-method> <!-- clearPOMobjects -->
        <test-method is-config="true" signature="afterTest()[pri:0, instance:test.ToVerifyHeaderButton@323b36e0]" started-at="2022-02-17T07:47:49 IST" name="afterTest" finished-at="2022-02-17T07:47:49 IST" duration-ms="238" status="PASS">
          <reporter-output>
          </reporter-output>
        </test-method> <!-- afterTest -->
      </class> <!-- test.ToVerifyHeaderButton -->
    </test> <!-- edgetest -->
    <test started-at="2022-02-17T07:47:49 IST" name="Firefoxtest" finished-at="2022-02-17T07:47:56 IST" duration-ms="7172">
      <class name="test.ToVerifyHeaderButton">
        <test-method is-config="true" signature="launchBrowser(java.lang.String)[pri:0, instance:test.ToVerifyHeaderButton@4f18837a]" started-at="2022-02-17T07:47:49 IST" name="launchBrowser" finished-at="2022-02-17T07:47:52 IST" duration-ms="2811" status="PASS">
          <params>
            <param index="0">
              <value>
                <![CDATA[Firefox]]>
              </value>
            </param>
          </params>
          <reporter-output>
          </reporter-output>
        </test-method> <!-- launchBrowser -->
        <test-method is-config="true" signature="createPOMobjects()[pri:0, instance:test.ToVerifyHeaderButton@4f18837a]" started-at="2022-02-17T07:47:52 IST" name="createPOMobjects" finished-at="2022-02-17T07:47:52 IST" duration-ms="0" status="PASS">
          <reporter-output>
          </reporter-output>
        </test-method> <!-- createPOMobjects -->
        <test-method is-config="true" signature="loginToApplication()[pri:0, instance:test.ToVerifyHeaderButton@4f18837a]" started-at="2022-02-17T07:47:52 IST" name="loginToApplication" finished-at="2022-02-17T07:47:53 IST" duration-ms="800" status="PASS">
          <reporter-output>
          </reporter-output>
        </test-method> <!-- loginToApplication -->
        <test-method signature="toverifyTaskButton()[pri:0, instance:test.ToVerifyHeaderButton@4f18837a]" started-at="2022-02-17T07:47:53 IST" name="toverifyTaskButton" finished-at="2022-02-17T07:47:53 IST" duration-ms="365" status="PASS">
          <reporter-output>
          </reporter-output>
        </test-method> <!-- toverifyTaskButton -->
        <test-method is-config="true" signature="logoutfromActiTime(org.testng.ITestResult)[pri:0, instance:test.ToVerifyHeaderButton@4f18837a]" started-at="2022-02-17T07:47:53 IST" name="logoutfromActiTime" finished-at="2022-02-17T07:47:53 IST" duration-ms="106" status="PASS">
          <params>
            <param index="0">
              <value>
                <![CDATA[[TestResult name=toverifyTaskButton status=SUCCESS method=ToVerifyHeaderButton.toverifyTaskButton()[pri:0, instance:test.ToVerifyHeaderButton@4f18837a] output={null}]]]>
              </value>
            </param>
          </params>
          <reporter-output>
          </reporter-output>
        </test-method> <!-- logoutfromActiTime -->
        <test-method is-config="true" signature="loginToApplication()[pri:0, instance:test.ToVerifyHeaderButton@4f18837a]" started-at="2022-02-17T07:47:53 IST" name="loginToApplication" finished-at="2022-02-17T07:47:54 IST" duration-ms="522" status="PASS">
          <reporter-output>
          </reporter-output>
        </test-method> <!-- loginToApplication -->
        <test-method signature="toverifyReportButton()[pri:1, instance:test.ToVerifyHeaderButton@4f18837a]" started-at="2022-02-17T07:47:54 IST" name="toverifyReportButton" finished-at="2022-02-17T07:47:54 IST" duration-ms="289" status="PASS">
          <reporter-output>
          </reporter-output>
        </test-method> <!-- toverifyReportButton -->
        <test-method is-config="true" signature="logoutfromActiTime(org.testng.ITestResult)[pri:0, instance:test.ToVerifyHeaderButton@4f18837a]" started-at="2022-02-17T07:47:54 IST" name="logoutfromActiTime" finished-at="2022-02-17T07:47:54 IST" duration-ms="111" status="PASS">
          <params>
            <param index="0">
              <value>
                <![CDATA[[TestResult name=toverifyReportButton status=SUCCESS method=ToVerifyHeaderButton.toverifyReportButton()[pri:1, instance:test.ToVerifyHeaderButton@4f18837a] output={null}]]]>
              </value>
            </param>
          </params>
          <reporter-output>
          </reporter-output>
        </test-method> <!-- logoutfromActiTime -->
        <test-method is-config="true" signature="loginToApplication()[pri:0, instance:test.ToVerifyHeaderButton@4f18837a]" started-at="2022-02-17T07:47:54 IST" name="loginToApplication" finished-at="2022-02-17T07:47:54 IST" duration-ms="526" status="PASS">
          <reporter-output>
          </reporter-output>
        </test-method> <!-- loginToApplication -->
        <test-method signature="toverifyUserButton()[pri:2, instance:test.ToVerifyHeaderButton@4f18837a]" started-at="2022-02-17T07:47:54 IST" name="toverifyUserButton" finished-at="2022-02-17T07:47:55 IST" duration-ms="500" status="PASS">
          <reporter-output>
          </reporter-output>
        </test-method> <!-- toverifyUserButton -->
        <test-method is-config="true" signature="logoutfromActiTime(org.testng.ITestResult)[pri:0, instance:test.ToVerifyHeaderButton@4f18837a]" started-at="2022-02-17T07:47:55 IST" name="logoutfromActiTime" finished-at="2022-02-17T07:47:55 IST" duration-ms="95" status="PASS">
          <params>
            <param index="0">
              <value>
                <![CDATA[[TestResult name=toverifyUserButton status=SUCCESS method=ToVerifyHeaderButton.toverifyUserButton()[pri:2, instance:test.ToVerifyHeaderButton@4f18837a] output={null}]]]>
              </value>
            </param>
          </params>
          <reporter-output>
          </reporter-output>
        </test-method> <!-- logoutfromActiTime -->
        <test-method is-config="true" signature="clearPOMobjects()[pri:0, instance:test.ToVerifyHeaderButton@4f18837a]" started-at="2022-02-17T07:47:55 IST" name="clearPOMobjects" finished-at="2022-02-17T07:47:55 IST" duration-ms="1" status="PASS">
          <reporter-output>
          </reporter-output>
        </test-method> <!-- clearPOMobjects -->
        <test-method is-config="true" signature="afterTest()[pri:0, instance:test.ToVerifyHeaderButton@4f18837a]" started-at="2022-02-17T07:47:55 IST" name="afterTest" finished-at="2022-02-17T07:47:56 IST" duration-ms="1040" status="PASS">
          <reporter-output>
          </reporter-output>
        </test-method> <!-- afterTest -->
      </class> <!-- test.ToVerifyHeaderButton -->
    </test> <!-- Firefoxtest -->
  </suite> <!-- RegressionSuite -->
</testng-results>
