<?xml version="1.0" encoding="UTF-8"?>
<!-- Generated by org.testng.reporters.JUnitXMLReporter -->
<testsuite ignored="0" hostname="LAPTOP-1ALOQ5Q0" failures="0" tests="3" name="chrometest" time="5.408" errors="0" timestamp="2022-02-17T07:47:45 IST">
  <testcase classname="test.ToVerifyHeaderButton" name="toverifyTaskButton" time="0.701"/>
  <testcase classname="test.ToVerifyHeaderButton" name="toverifyReportButton" time="0.7"/>
  <testcase classname="test.ToVerifyHeaderButton" name="toverifyUserButton" time="0.733"/>
</testsuite> <!-- chrometest -->
