<?xml version="1.0" encoding="UTF-8"?>
<!-- Generated by org.testng.reporters.JUnitXMLReporter -->
<testsuite ignored="0" hostname="LAPTOP-1ALOQ5Q0" failures="0" tests="3" name="edgetest" time="3.802" errors="0" timestamp="2022-02-14T11:23:09 IST">
  <testcase classname="test.ToVerifyHeaderButton" name="toverifyTaskButton" time="0.757"/>
  <testcase classname="test.ToVerifyHeaderButton" name="toverifyReportButton" time="0.482"/>
  <testcase classname="test.ToVerifyHeaderButton" name="toverifyUserButton" time="0.496"/>
</testsuite> <!-- edgetest -->
