<?xml version="1.0" encoding="UTF-8"?>
<!-- Generated by org.testng.reporters.JUnitXMLReporter -->
<testsuite ignored="0" hostname="LAPTOP-1ALOQ5Q0" failures="0" tests="3" name="Firefoxtest" time="6.791" errors="0" timestamp="2022-02-14T11:23:16 IST">
  <testcase classname="test.ToVerifyHeaderButton" name="toverifyTaskButton" time="0.333"/>
  <testcase classname="test.ToVerifyHeaderButton" name="toverifyReportButton" time="0.275"/>
  <testcase classname="test.ToVerifyHeaderButton" name="toverifyUserButton" time="0.473"/>
</testsuite> <!-- Firefoxtest -->
