<?xml version="1.0" encoding="UTF-8"?>
<!-- Generated by org.testng.reporters.JUnitXMLReporter -->
<testsuite ignored="0" hostname="LAPTOP-1ALOQ5Q0" failures="0" tests="3" name="edgetest(failed)" time="4.603" errors="0" timestamp="2022-02-15T10:32:43 IST">
  <testcase classname="test.ToVerifyHeaderButton" name="toverifyTaskButton" time="0.649"/>
  <testcase classname="test.ToVerifyHeaderButton" name="toverifyReportButton" time="0.349"/>
  <testcase classname="test.ToVerifyHeaderButton" name="toverifyUserButton" time="0.496"/>
</testsuite> <!-- edgetest(failed) -->
