<?xml version="1.0" encoding="UTF-8"?>
<!-- Generated by org.testng.reporters.JUnitXMLReporter -->
<testsuite ignored="0" hostname="LAPTOP-1ALOQ5Q0" failures="0" tests="3" name="Firefoxtest(failed)" time="7.337" errors="0" timestamp="2022-02-15T10:32:51 IST">
  <testcase classname="test.ToVerifyHeaderButton" name="toverifyTaskButton" time="0.303"/>
  <testcase classname="test.ToVerifyHeaderButton" name="toverifyReportButton" time="0.261"/>
  <testcase classname="test.ToVerifyHeaderButton" name="toverifyUserButton" time="0.523"/>
</testsuite> <!-- Firefoxtest(failed) -->
